[2026-06-22T10:40:32.483Z] [INFO] Electron app ready
[2026-06-22T10:40:32.486Z] [INFO] Dev mode: backend should be started externally.
[2026-06-22T10:40:37.819Z] [ERROR] Timed out waiting for backend port.txt, starting window anyway
[2026-06-22T10:40:37.846Z] [INFO] browser-window-created
{
  "id": 1
}
[2026-06-22T10:40:37.917Z] [INFO] System tray initialized
{
  "trayIconPath": "E:\\projects\\python\\Swaya\\frontend\\public\\favicon\\96x96.png"
}
[2026-06-22T10:40:37.918Z] [INFO] BrowserWindow created
{
  "isDev": true,
  "iconPath": "E:\\projects\\python\\Swaya\\frontend\\public\\favicon\\96x96.png",
  "webPreferences": {
    "nodeIntegration": true,
    "contextIsolation": false,
    "backgroundThrottling": false
  }
}
[2026-06-22T10:40:37.918Z] [INFO] Loading renderer URL
{
  "targetUrl": "http://localhost:5173?backend_port=8000"
}
[2026-06-22T10:40:38.016Z] [INFO] Renderer navigated
{
  "url": "http://localhost:5173/?backend_port=8000",
  "httpResponseCode": 200,
  "httpStatusText": "OK"
}
[2026-06-22T10:40:38.273Z] [INFO] Renderer started navigation
{
  "url": "http://localhost:5173/?backend_port=8000",
  "isInPlace": true,
  "isMainFrame": true,
  "frameProcessId": 4,
  "frameRoutingId": 1
}
[2026-06-22T10:40:38.274Z] [INFO] Renderer navigated in-page
{
  "url": "http://localhost:5173/?backend_port=8000",
  "isMainFrame": true,
  "frameProcessId": 4,
  "frameRoutingId": 1
}
[2026-06-22T10:40:38.281Z] [INFO] Renderer DOM ready
{
  "url": "http://localhost:5173/?backend_port=8000"
}
[2026-06-22T10:40:38.285Z] [INFO] Renderer finished load
{
  "url": "http://localhost:5173/?backend_port=8000"
}
[2026-06-22T10:40:38.287Z] [INFO] Renderer stopped loading
{
  "url": "http://localhost:5173/?backend_port=8000"
}
[2026-06-22T10:40:38.358Z] [INFO] Renderer started loading
{
  "url": "http://localhost:5173/?backend_port=8000"
}
[2026-06-22T10:40:38.362Z] [INFO] Renderer started navigation
{
  "url": "http://localhost:5173/?backend_port=8000#/dashboard",
  "isInPlace": true,
  "isMainFrame": true,
  "frameProcessId": 4,
  "frameRoutingId": 1
}
[2026-06-22T10:40:38.363Z] [INFO] Renderer navigated in-page
{
  "url": "http://localhost:5173/?backend_port=8000#/dashboard",
  "isMainFrame": true,
  "frameProcessId": 4,
  "frameRoutingId": 1
}
[2026-06-22T10:40:38.364Z] [INFO] Renderer stopped loading
{
  "url": "http://localhost:5173/?backend_port=8000#/dashboard"
}
[2026-06-22T10:40:38.366Z] [INFO] Renderer started loading
{
  "url": "http://localhost:5173/?backend_port=8000#/dashboard"
}
[2026-06-22T10:40:38.366Z] [INFO] Renderer started navigation
{
  "url": "http://localhost:5173/?backend_port=8000#/dashboard",
  "isInPlace": true,
  "isMainFrame": true,
  "frameProcessId": 4,
  "frameRoutingId": 1
}
[2026-06-22T10:40:38.372Z] [INFO] Renderer navigated in-page
{
  "url": "http://localhost:5173/?backend_port=8000#/dashboard",
  "isMainFrame": true,
  "frameProcessId": 4,
  "frameRoutingId": 1
}
[2026-06-22T10:40:38.373Z] [INFO] Renderer stopped loading
{
  "url": "http://localhost:5173/?backend_port=8000#/dashboard"
}
[2026-06-22T10:40:38.780Z] [INFO] Renderer started loading
{
  "url": "http://localhost:5173/?backend_port=8000#/dashboard"
}
[2026-06-22T10:40:38.780Z] [INFO] Renderer started navigation
{
  "url": "http://localhost:5173/?backend_port=8000#/onboarding",
  "isInPlace": true,
  "isMainFrame": true,
  "frameProcessId": 4,
  "frameRoutingId": 1
}
[2026-06-22T10:40:38.804Z] [INFO] Renderer navigated in-page
{
  "url": "http://localhost:5173/?backend_port=8000#/onboarding",
  "isMainFrame": true,
  "frameProcessId": 4,
  "frameRoutingId": 1
}
[2026-06-22T10:40:38.805Z] [INFO] Renderer stopped loading
{
  "url": "http://localhost:5173/?backend_port=8000#/onboarding"
}
[2026-06-22T10:40:54.429Z] [INFO] Renderer started loading
{
  "url": "http://localhost:5173/?backend_port=8000#/onboarding"
}
[2026-06-22T10:40:54.430Z] [INFO] Renderer started navigation
{
  "url": "http://localhost:5173/?backend_port=8000#/dashboard",
  "isInPlace": true,
  "isMainFrame": true,
  "frameProcessId": 4,
  "frameRoutingId": 1
}
[2026-06-22T10:40:54.432Z] [INFO] Renderer navigated in-page
{
  "url": "http://localhost:5173/?backend_port=8000#/dashboard",
  "isMainFrame": true,
  "frameProcessId": 4,
  "frameRoutingId": 1
}
[2026-06-22T10:40:54.432Z] [INFO] Renderer stopped loading
{
  "url": "http://localhost:5173/?backend_port=8000#/dashboard"
}
[2026-06-22T10:40:55.640Z] [INFO] Renderer started loading
{
  "url": "http://localhost:5173/?backend_port=8000#/dashboard"
}
[2026-06-22T10:40:55.640Z] [INFO] Renderer started navigation
{
  "url": "http://localhost:5173/?backend_port=8000#/organizer",
  "isInPlace": true,
  "isMainFrame": true,
  "frameProcessId": 4,
  "frameRoutingId": 1
}
[2026-06-22T10:40:55.642Z] [INFO] Renderer navigated in-page
{
  "url": "http://localhost:5173/?backend_port=8000#/organizer",
  "isMainFrame": true,
  "frameProcessId": 4,
  "frameRoutingId": 1
}
[2026-06-22T10:40:55.643Z] [INFO] Renderer stopped loading
{
  "url": "http://localhost:5173/?backend_port=8000#/organizer"
}
[2026-06-22T10:43:09.214Z] [INFO] Renderer started loading
{
  "url": "http://localhost:5173/?backend_port=8000#/organizer"
}
[2026-06-22T10:43:09.215Z] [INFO] Renderer started navigation
{
  "url": "http://localhost:5173/?backend_port=8000#/settings",
  "isInPlace": true,
  "isMainFrame": true,
  "frameProcessId": 4,
  "frameRoutingId": 1
}
[2026-06-22T10:43:09.216Z] [INFO] Renderer navigated in-page
{
  "url": "http://localhost:5173/?backend_port=8000#/settings",
  "isMainFrame": true,
  "frameProcessId": 4,
  "frameRoutingId": 1
}
[2026-06-22T10:43:09.217Z] [INFO] Renderer stopped loading
{
  "url": "http://localhost:5173/?backend_port=8000#/settings"
}
[2026-06-22T10:43:51.309Z] [INFO] Renderer started loading
{
  "url": "http://localhost:5173/?backend_port=8000#/settings"
}
[2026-06-22T10:43:51.309Z] [INFO] Renderer started navigation
{
  "url": "http://localhost:5173/?backend_port=8000#/organizer",
  "isInPlace": true,
  "isMainFrame": true,
  "frameProcessId": 4,
  "frameRoutingId": 1
}
[2026-06-22T10:43:51.310Z] [INFO] Renderer navigated in-page
{
  "url": "http://localhost:5173/?backend_port=8000#/organizer",
  "isMainFrame": true,
  "frameProcessId": 4,
  "frameRoutingId": 1
}
[2026-06-22T10:43:51.310Z] [INFO] Renderer stopped loading
{
  "url": "http://localhost:5173/?backend_port=8000#/organizer"
}
[2026-06-22T11:16:38.184Z] [INFO] Electron app ready
[2026-06-22T11:16:38.186Z] [INFO] Dev mode: backend should be started externally.
[2026-06-22T11:16:43.537Z] [ERROR] Timed out waiting for backend port.txt, starting window anyway
[2026-06-22T11:16:43.600Z] [INFO] browser-window-created
{
  "id": 1
}
[2026-06-22T11:16:43.698Z] [INFO] System tray initialized
{
  "trayIconPath": "E:\\projects\\python\\Swaya\\frontend\\public\\favicon\\96x96.png"
}
[2026-06-22T11:16:43.698Z] [INFO] BrowserWindow created
{
  "isDev": true,
  "iconPath": "E:\\projects\\python\\Swaya\\frontend\\public\\favicon\\96x96.png",
  "webPreferences": {
    "nodeIntegration": true,
    "contextIsolation": false,
    "backgroundThrottling": false
  }
}
[2026-06-22T11:16:43.699Z] [INFO] Loading renderer URL
{
  "targetUrl": "http://localhost:5173?backend_port=8000"
}
[2026-06-22T11:16:44.055Z] [INFO] Renderer navigated
{
  "url": "http://localhost:5173/?backend_port=8000",
  "httpResponseCode": 200,
  "httpStatusText": "OK"
}
[2026-06-22T11:16:45.147Z] [INFO] Renderer started navigation
{
  "url": "http://localhost:5173/?backend_port=8000",
  "isInPlace": true,
  "isMainFrame": true,
  "frameProcessId": 4,
  "frameRoutingId": 1
}
[2026-06-22T11:16:45.148Z] [INFO] Renderer navigated in-page
{
  "url": "http://localhost:5173/?backend_port=8000",
  "isMainFrame": true,
  "frameProcessId": 4,
  "frameRoutingId": 1
}
[2026-06-22T11:16:45.155Z] [INFO] Renderer DOM ready
{
  "url": "http://localhost:5173/?backend_port=8000"
}
[2026-06-22T11:16:45.158Z] [INFO] Renderer finished load
{
  "url": "http://localhost:5173/?backend_port=8000"
}
[2026-06-22T11:16:45.158Z] [INFO] Renderer stopped loading
{
  "url": "http://localhost:5173/?backend_port=8000"
}
[2026-06-22T11:16:45.212Z] [INFO] Renderer started loading
{
  "url": "http://localhost:5173/?backend_port=8000"
}
[2026-06-22T11:16:45.212Z] [INFO] Renderer started navigation
{
  "url": "http://localhost:5173/?backend_port=8000#/dashboard",
  "isInPlace": true,
  "isMainFrame": true,
  "frameProcessId": 4,
  "frameRoutingId": 1
}
[2026-06-22T11:16:45.213Z] [INFO] Renderer navigated in-page
{
  "url": "http://localhost:5173/?backend_port=8000#/dashboard",
  "isMainFrame": true,
  "frameProcessId": 4,
  "frameRoutingId": 1
}
[2026-06-22T11:16:45.213Z] [INFO] Renderer stopped loading
{
  "url": "http://localhost:5173/?backend_port=8000#/dashboard"
}
[2026-06-22T11:16:45.216Z] [INFO] Renderer started loading
{
  "url": "http://localhost:5173/?backend_port=8000#/dashboard"
}
[2026-06-22T11:16:45.216Z] [INFO] Renderer started navigation
{
  "url": "http://localhost:5173/?backend_port=8000#/dashboard",
  "isInPlace": true,
  "isMainFrame": true,
  "frameProcessId": 4,
  "frameRoutingId": 1
}
[2026-06-22T11:16:45.217Z] [INFO] Renderer navigated in-page
{
  "url": "http://localhost:5173/?backend_port=8000#/dashboard",
  "isMainFrame": true,
  "frameProcessId": 4,
  "frameRoutingId": 1
}
[2026-06-22T11:16:45.217Z] [INFO] Renderer stopped loading
{
  "url": "http://localhost:5173/?backend_port=8000#/dashboard"
}
[2026-06-22T11:16:49.242Z] [INFO] Renderer started loading
{
  "url": "http://localhost:5173/?backend_port=8000#/dashboard"
}
[2026-06-22T11:16:49.242Z] [INFO] Renderer started navigation
{
  "url": "http://localhost:5173/?backend_port=8000#/library",
  "isInPlace": true,
  "isMainFrame": true,
  "frameProcessId": 4,
  "frameRoutingId": 1
}
[2026-06-22T11:16:49.244Z] [INFO] Renderer navigated in-page
{
  "url": "http://localhost:5173/?backend_port=8000#/library",
  "isMainFrame": true,
  "frameProcessId": 4,
  "frameRoutingId": 1
}
[2026-06-22T11:16:49.244Z] [INFO] Renderer stopped loading
{
  "url": "http://localhost:5173/?backend_port=8000#/library"
}
[2026-06-22T11:19:21.794Z] [INFO] Renderer started loading
{
  "url": "http://localhost:5173/?backend_port=8000#/library"
}
[2026-06-22T11:19:21.795Z] [INFO] Renderer started navigation
{
  "url": "http://localhost:5173/?backend_port=8000#/organizer",
  "isInPlace": true,
  "isMainFrame": true,
  "frameProcessId": 4,
  "frameRoutingId": 1
}
[2026-06-22T11:19:21.797Z] [INFO] Renderer navigated in-page
{
  "url": "http://localhost:5173/?backend_port=8000#/organizer",
  "isMainFrame": true,
  "frameProcessId": 4,
  "frameRoutingId": 1
}
[2026-06-22T11:19:21.797Z] [INFO] Renderer stopped loading
{
  "url": "http://localhost:5173/?backend_port=8000#/organizer"
}
[2026-06-22T11:19:33.025Z] [INFO] Renderer started loading
{
  "url": "http://localhost:5173/?backend_port=8000#/organizer"
}
[2026-06-22T11:19:33.026Z] [INFO] Renderer started navigation
{
  "url": "http://localhost:5173/?backend_port=8000#/settings",
  "isInPlace": true,
  "isMainFrame": true,
  "frameProcessId": 4,
  "frameRoutingId": 1
}
[2026-06-22T11:19:33.028Z] [INFO] Renderer navigated in-page
{
  "url": "http://localhost:5173/?backend_port=8000#/settings",
  "isMainFrame": true,
  "frameProcessId": 4,
  "frameRoutingId": 1
}
[2026-06-22T11:19:33.029Z] [INFO] Renderer stopped loading
{
  "url": "http://localhost:5173/?backend_port=8000#/settings"
}
[2026-06-22T11:19:36.936Z] [INFO] Renderer started loading
{
  "url": "http://localhost:5173/?backend_port=8000#/settings"
}
[2026-06-22T11:19:36.936Z] [INFO] Renderer started navigation
{
  "url": "http://localhost:5173/?backend_port=8000#/organizer",
  "isInPlace": true,
  "isMainFrame": true,
  "frameProcessId": 4,
  "frameRoutingId": 1
}
[2026-06-22T11:19:36.939Z] [INFO] Renderer navigated in-page
{
  "url": "http://localhost:5173/?backend_port=8000#/organizer",
  "isMainFrame": true,
  "frameProcessId": 4,
  "frameRoutingId": 1
}
[2026-06-22T11:19:36.939Z] [INFO] Renderer stopped loading
{
  "url": "http://localhost:5173/?backend_port=8000#/organizer"
}
[2026-06-22T11:22:16.286Z] [ERROR] Renderer console message
{
  "level": "error",
  "message": "Error handled by React Router default ErrorBoundary: ReferenceError: discovery is not defined",
  "line": 88,
  "sourceId": "http://localhost:5173/src/main.jsx"
}
[2026-06-22T11:22:16.330Z] [ERROR] Renderer console message
{
  "level": "error",
  "message": "Error handled by React Router default ErrorBoundary: ReferenceError: discovery is not defined",
  "line": 88,
  "sourceId": "http://localhost:5173/src/main.jsx"
}
[2026-06-22T11:22:16.334Z] [ERROR] Renderer console message
{
  "level": "error",
  "message": "Error handled by React Router default ErrorBoundary: ReferenceError: discovery is not defined",
  "line": 88,
  "sourceId": "http://localhost:5173/src/main.jsx"
}
[2026-06-22T11:22:16.335Z] [ERROR] Renderer console message
{
  "level": "error",
  "message": "Error handled by React Router default ErrorBoundary: ReferenceError: discovery is not defined",
  "line": 88,
  "sourceId": "http://localhost:5173/src/main.jsx"
}
[2026-06-22T11:22:16.336Z] [ERROR] Renderer console message
{
  "level": "error",
  "message": "%o\n\n%s\n\n%s\n ReferenceError: discovery is not defined The above error occurred in the <OrganizerPage> component. React will try to recreate this component tree from scratch using the error boundary you provided, RenderErrorBoundary.",
  "line": 88,
  "sourceId": "http://localhost:5173/src/main.jsx"
}
[2026-06-22T11:22:16.337Z] [ERROR] Renderer console message
{
  "level": "error",
  "message": "React Router caught the following error during render ReferenceError: discovery is not defined",
  "line": 88,
  "sourceId": "http://localhost:5173/src/main.jsx"
}
[2026-06-22T11:22:16.504Z] [ERROR] Renderer console message
{
  "level": "error",
  "message": "Error handled by React Router default ErrorBoundary: ReferenceError: discovery is not defined",
  "line": 88,
  "sourceId": "http://localhost:5173/src/main.jsx"
}
[2026-06-22T11:22:16.510Z] [ERROR] Renderer console message
{
  "level": "error",
  "message": "Error handled by React Router default ErrorBoundary: ReferenceError: discovery is not defined",
  "line": 88,
  "sourceId": "http://localhost:5173/src/main.jsx"
}
[2026-06-22T11:22:16.518Z] [ERROR] Renderer console message
{
  "level": "error",
  "message": "Error handled by React Router default ErrorBoundary: ReferenceError: discovery is not defined",
  "line": 88,
  "sourceId": "http://localhost:5173/src/main.jsx"
}
[2026-06-22T11:22:16.520Z] [ERROR] Renderer console message
{
  "level": "error",
  "message": "Error handled by React Router default ErrorBoundary: ReferenceError: discovery is not defined",
  "line": 88,
  "sourceId": "http://localhost:5173/src/main.jsx"
}
[2026-06-22T11:22:16.530Z] [ERROR] Renderer console message
{
  "level": "error",
  "message": "%o\n\n%s\n\n%s\n ReferenceError: discovery is not defined The above error occurred in the <OrganizerPage> component. React will try to recreate this component tree from scratch using the error boundary you provided, RenderErrorBoundary.",
  "line": 88,
  "sourceId": "http://localhost:5173/src/main.jsx"
}
[2026-06-22T11:22:16.532Z] [ERROR] Renderer console message
{
  "level": "error",
  "message": "React Router caught the following error during render ReferenceError: discovery is not defined",
  "line": 88,
  "sourceId": "http://localhost:5173/src/main.jsx"
}
[2026-06-22T11:22:16.622Z] [ERROR] Renderer console message
{
  "level": "error",
  "message": "Error handled by React Router default ErrorBoundary: ReferenceError: discovery is not defined",
  "line": 88,
  "sourceId": "http://localhost:5173/src/main.jsx"
}
[2026-06-22T11:22:16.627Z] [ERROR] Renderer console message
{
  "level": "error",
  "message": "Error handled by React Router default ErrorBoundary: ReferenceError: discovery is not defined",
  "line": 88,
  "sourceId": "http://localhost:5173/src/main.jsx"
}
[2026-06-22T11:22:16.630Z] [ERROR] Renderer console message
{
  "level": "error",
  "message": "Error handled by React Router default ErrorBoundary: ReferenceError: discovery is not defined",
  "line": 88,
  "sourceId": "http://localhost:5173/src/main.jsx"
}
[2026-06-22T11:22:16.638Z] [ERROR] Renderer console message
{
  "level": "error",
  "message": "Error handled by React Router default ErrorBoundary: ReferenceError: discovery is not defined",
  "line": 88,
  "sourceId": "http://localhost:5173/src/main.jsx"
}
[2026-06-22T11:22:16.642Z] [ERROR] Renderer console message
{
  "level": "error",
  "message": "%o\n\n%s\n\n%s\n ReferenceError: discovery is not defined The above error occurred in the <OrganizerPage> component. React will try to recreate this component tree from scratch using the error boundary you provided, RenderErrorBoundary.",
  "line": 88,
  "sourceId": "http://localhost:5173/src/main.jsx"
}
[2026-06-22T11:22:16.642Z] [ERROR] Renderer console message
{
  "level": "error",
  "message": "React Router caught the following error during render ReferenceError: discovery is not defined",
  "line": 88,
  "sourceId": "http://localhost:5173/src/main.jsx"
}
[2026-06-22T11:22:16.692Z] [ERROR] Renderer console message
{
  "level": "error",
  "message": "Error handled by React Router default ErrorBoundary: ReferenceError: discovery is not defined",
  "line": 88,
  "sourceId": "http://localhost:5173/src/main.jsx"
}
[2026-06-22T11:22:16.692Z] [ERROR] Renderer console message
{
  "level": "error",
  "message": "Error handled by React Router default ErrorBoundary: ReferenceError: discovery is not defined",
  "line": 88,
  "sourceId": "http://localhost:5173/src/main.jsx"
}
[2026-06-22T11:22:16.702Z] [ERROR] Renderer console message
{
  "level": "error",
  "message": "Error handled by React Router default ErrorBoundary: ReferenceError: discovery is not defined",
  "line": 88,
  "sourceId": "http://localhost:5173/src/main.jsx"
}
[2026-06-22T11:22:16.702Z] [ERROR] Renderer console message
{
  "level": "error",
  "message": "Error handled by React Router default ErrorBoundary: ReferenceError: discovery is not defined",
  "line": 88,
  "sourceId": "http://localhost:5173/src/main.jsx"
}
[2026-06-22T11:22:16.702Z] [ERROR] Renderer console message
{
  "level": "error",
  "message": "%o\n\n%s\n\n%s\n ReferenceError: discovery is not defined The above error occurred in the <OrganizerPage> component. React will try to recreate this component tree from scratch using the error boundary you provided, RenderErrorBoundary.",
  "line": 88,
  "sourceId": "http://localhost:5173/src/main.jsx"
}
[2026-06-22T11:22:16.703Z] [ERROR] Renderer console message
{
  "level": "error",
  "message": "React Router caught the following error during render ReferenceError: discovery is not defined",
  "line": 88,
  "sourceId": "http://localhost:5173/src/main.jsx"
}
[2026-06-22T11:22:16.754Z] [ERROR] Renderer console message
{
  "level": "error",
  "message": "Error handled by React Router default ErrorBoundary: ReferenceError: discovery is not defined",
  "line": 88,
  "sourceId": "http://localhost:5173/src/main.jsx"
}
[2026-06-22T11:22:16.768Z] [ERROR] Renderer console message
{
  "level": "error",
  "message": "Error handled by React Router default ErrorBoundary: ReferenceError: discovery is not defined",
  "line": 88,
  "sourceId": "http://localhost:5173/src/main.jsx"
}
[2026-06-22T11:22:16.775Z] [ERROR] Renderer console message
{
  "level": "error",
  "message": "Error handled by React Router default ErrorBoundary: ReferenceError: discovery is not defined",
  "line": 88,
  "sourceId": "http://localhost:5173/src/main.jsx"
}
[2026-06-22T11:22:16.777Z] [ERROR] Renderer console message
{
  "level": "error",
  "message": "Error handled by React Router default ErrorBoundary: ReferenceError: discovery is not defined",
  "line": 88,
  "sourceId": "http://localhost:5173/src/main.jsx"
}
[2026-06-22T11:22:16.777Z] [ERROR] Renderer console message
{
  "level": "error",
  "message": "%o\n\n%s\n\n%s\n ReferenceError: discovery is not defined The above error occurred in the <OrganizerPage> component. React will try to recreate this component tree from scratch using the error boundary you provided, RenderErrorBoundary.",
  "line": 88,
  "sourceId": "http://localhost:5173/src/main.jsx"
}
[2026-06-22T11:22:16.778Z] [ERROR] Renderer console message
{
  "level": "error",
  "message": "React Router caught the following error during render ReferenceError: discovery is not defined",
  "line": 88,
  "sourceId": "http://localhost:5173/src/main.jsx"
}
[2026-06-22T11:22:16.848Z] [ERROR] Renderer console message
{
  "level": "error",
  "message": "Error handled by React Router default ErrorBoundary: ReferenceError: discovery is not defined",
  "line": 88,
  "sourceId": "http://localhost:5173/src/main.jsx"
}
[2026-06-22T11:22:16.891Z] [ERROR] Renderer console message
{
  "level": "error",
  "message": "Error handled by React Router default ErrorBoundary: ReferenceError: discovery is not defined",
  "line": 88,
  "sourceId": "http://localhost:5173/src/main.jsx"
}
[2026-06-22T11:22:16.891Z] [ERROR] Renderer console message
{
  "level": "error",
  "message": "Error handled by React Router default ErrorBoundary: ReferenceError: discovery is not defined",
  "line": 88,
  "sourceId": "http://localhost:5173/src/main.jsx"
}
[2026-06-22T11:22:16.892Z] [ERROR] Renderer console message
{
  "level": "error",
  "message": "Error handled by React Router default ErrorBoundary: ReferenceError: discovery is not defined",
  "line": 88,
  "sourceId": "http://localhost:5173/src/main.jsx"
}
[2026-06-22T11:22:16.959Z] [ERROR] Renderer console message
{
  "level": "error",
  "message": "%o\n\n%s\n\n%s\n ReferenceError: discovery is not defined The above error occurred in the <OrganizerPage> component. React will try to recreate this component tree from scratch using the error boundary you provided, RenderErrorBoundary.",
  "line": 88,
  "sourceId": "http://localhost:5173/src/main.jsx"
}
[2026-06-22T11:22:16.959Z] [ERROR] Renderer console message
{
  "level": "error",
  "message": "React Router caught the following error during render ReferenceError: discovery is not defined",
  "line": 88,
  "sourceId": "http://localhost:5173/src/main.jsx"
}
[2026-06-22T11:22:16.990Z] [ERROR] Renderer console message
{
  "level": "error",
  "message": "Error handled by React Router default ErrorBoundary: ReferenceError: discovery is not defined",
  "line": 88,
  "sourceId": "http://localhost:5173/src/main.jsx"
}
[2026-06-22T11:22:17.026Z] [ERROR] Renderer console message
{
  "level": "error",
  "message": "Error handled by React Router default ErrorBoundary: ReferenceError: discovery is not defined",
  "line": 88,
  "sourceId": "http://localhost:5173/src/main.jsx"
}
[2026-06-22T11:22:17.029Z] [ERROR] Renderer console message
{
  "level": "error",
  "message": "Error handled by React Router default ErrorBoundary: ReferenceError: discovery is not defined",
  "line": 88,
  "sourceId": "http://localhost:5173/src/main.jsx"
}
[2026-06-22T11:22:17.029Z] [ERROR] Renderer console message
{
  "level": "error",
  "message": "Error handled by React Router default ErrorBoundary: ReferenceError: discovery is not defined",
  "line": 88,
  "sourceId": "http://localhost:5173/src/main.jsx"
}
[2026-06-22T11:22:17.030Z] [ERROR] Renderer console message
{
  "level": "error",
  "message": "%o\n\n%s\n\n%s\n ReferenceError: discovery is not defined The above error occurred in the <OrganizerPage> component. React will try to recreate this component tree from scratch using the error boundary you provided, RenderErrorBoundary.",
  "line": 88,
  "sourceId": "http://localhost:5173/src/main.jsx"
}
[2026-06-22T11:22:17.030Z] [ERROR] Renderer console message
{
  "level": "error",
  "message": "React Router caught the following error during render ReferenceError: discovery is not defined",
  "line": 88,
  "sourceId": "http://localhost:5173/src/main.jsx"
}
[2026-06-22T11:22:17.161Z] [ERROR] Renderer console message
{
  "level": "error",
  "message": "Error handled by React Router default ErrorBoundary: ReferenceError: discovery is not defined",
  "line": 88,
  "sourceId": "http://localhost:5173/src/main.jsx"
}
[2026-06-22T11:22:17.162Z] [ERROR] Renderer console message
{
  "level": "error",
  "message": "Error handled by React Router default ErrorBoundary: ReferenceError: discovery is not defined",
  "line": 88,
  "sourceId": "http://localhost:5173/src/main.jsx"
}
[2026-06-22T11:22:17.170Z] [ERROR] Renderer console message
{
  "level": "error",
  "message": "Error handled by React Router default ErrorBoundary: ReferenceError: discovery is not defined",
  "line": 88,
  "sourceId": "http://localhost:5173/src/main.jsx"
}
[2026-06-22T11:22:17.171Z] [ERROR] Renderer console message
{
  "level": "error",
  "message": "Error handled by React Router default ErrorBoundary: ReferenceError: discovery is not defined",
  "line": 88,
  "sourceId": "http://localhost:5173/src/main.jsx"
}
[2026-06-22T11:22:17.171Z] [ERROR] Renderer console message
{
  "level": "error",
  "message": "%o\n\n%s\n\n%s\n ReferenceError: discovery is not defined The above error occurred in the <OrganizerPage> component. React will try to recreate this component tree from scratch using the error boundary you provided, RenderErrorBoundary.",
  "line": 88,
  "sourceId": "http://localhost:5173/src/main.jsx"
}
[2026-06-22T11:22:17.172Z] [ERROR] Renderer console message
{
  "level": "error",
  "message": "React Router caught the following error during render ReferenceError: discovery is not defined",
  "line": 88,
  "sourceId": "http://localhost:5173/src/main.jsx"
}
[2026-06-22T11:23:30.629Z] [INFO] Renderer started loading
{
  "url": "http://localhost:5173/?backend_port=8000#/organizer"
}
[2026-06-22T11:23:30.629Z] [INFO] Renderer started navigation
{
  "url": "http://localhost:5173/?backend_port=8000#/settings",
  "isInPlace": true,
  "isMainFrame": true,
  "frameProcessId": 4,
  "frameRoutingId": 1
}
[2026-06-22T11:23:30.631Z] [INFO] Renderer navigated in-page
{
  "url": "http://localhost:5173/?backend_port=8000#/settings",
  "isMainFrame": true,
  "frameProcessId": 4,
  "frameRoutingId": 1
}
[2026-06-22T11:23:30.632Z] [INFO] Renderer stopped loading
{
  "url": "http://localhost:5173/?backend_port=8000#/settings"
}
[2026-06-22T11:25:33.209Z] [INFO] Renderer started loading
{
  "url": "http://localhost:5173/?backend_port=8000#/settings"
}
[2026-06-22T11:25:33.209Z] [INFO] Renderer started navigation
{
  "url": "http://localhost:5173/?backend_port=8000#/organizer",
  "isInPlace": true,
  "isMainFrame": true,
  "frameProcessId": 4,
  "frameRoutingId": 1
}
[2026-06-22T11:25:33.211Z] [INFO] Renderer navigated in-page
{
  "url": "http://localhost:5173/?backend_port=8000#/organizer",
  "isMainFrame": true,
  "frameProcessId": 4,
  "frameRoutingId": 1
}
[2026-06-22T11:25:33.212Z] [INFO] Renderer stopped loading
{
  "url": "http://localhost:5173/?backend_port=8000#/organizer"
}
[2026-06-22T11:27:26.376Z] [INFO] Renderer started loading
{
  "url": "http://localhost:5173/?backend_port=8000#/organizer"
}
[2026-06-22T11:27:26.377Z] [INFO] Renderer started navigation
{
  "url": "http://localhost:5173/?backend_port=8000#/library",
  "isInPlace": true,
  "isMainFrame": true,
  "frameProcessId": 4,
  "frameRoutingId": 1
}
[2026-06-22T11:27:26.378Z] [INFO] Renderer navigated in-page
{
  "url": "http://localhost:5173/?backend_port=8000#/library",
  "isMainFrame": true,
  "frameProcessId": 4,
  "frameRoutingId": 1
}
[2026-06-22T11:27:26.379Z] [INFO] Renderer stopped loading
{
  "url": "http://localhost:5173/?backend_port=8000#/library"
}
[2026-06-22T11:27:59.272Z] [INFO] Electron app ready
[2026-06-22T11:27:59.276Z] [INFO] Dev mode: backend should be started externally.
[2026-06-22T11:28:04.595Z] [ERROR] Timed out waiting for backend port.txt, starting window anyway
[2026-06-22T11:28:04.625Z] [INFO] browser-window-created
{
  "id": 1
}
[2026-06-22T11:28:04.737Z] [INFO] System tray initialized
{
  "trayIconPath": "E:\\projects\\python\\Swaya\\frontend\\public\\favicon\\96x96.png"
}
[2026-06-22T11:28:04.737Z] [INFO] BrowserWindow created
{
  "isDev": true,
  "iconPath": "E:\\projects\\python\\Swaya\\frontend\\public\\favicon\\96x96.png",
  "webPreferences": {
    "nodeIntegration": true,
    "contextIsolation": false,
    "backgroundThrottling": false
  }
}
[2026-06-22T11:28:04.739Z] [INFO] Loading renderer URL
{
  "targetUrl": "http://localhost:5173?backend_port=8000"
}
[2026-06-22T11:28:04.836Z] [INFO] Renderer navigated
{
  "url": "http://localhost:5173/?backend_port=8000",
  "httpResponseCode": 200,
  "httpStatusText": "OK"
}
[2026-06-22T11:28:05.134Z] [INFO] Renderer started navigation
{
  "url": "http://localhost:5173/?backend_port=8000",
  "isInPlace": true,
  "isMainFrame": true,
  "frameProcessId": 4,
  "frameRoutingId": 1
}
[2026-06-22T11:28:05.134Z] [INFO] Renderer navigated in-page
{
  "url": "http://localhost:5173/?backend_port=8000",
  "isMainFrame": true,
  "frameProcessId": 4,
  "frameRoutingId": 1
}
[2026-06-22T11:28:05.142Z] [INFO] Renderer DOM ready
{
  "url": "http://localhost:5173/?backend_port=8000"
}
[2026-06-22T11:28:05.145Z] [INFO] Renderer finished load
{
  "url": "http://localhost:5173/?backend_port=8000"
}
[2026-06-22T11:28:05.146Z] [INFO] Renderer stopped loading
{
  "url": "http://localhost:5173/?backend_port=8000"
}
[2026-06-22T11:28:05.207Z] [INFO] Renderer started loading
{
  "url": "http://localhost:5173/?backend_port=8000"
}
[2026-06-22T11:28:05.208Z] [INFO] Renderer started navigation
{
  "url": "http://localhost:5173/?backend_port=8000#/dashboard",
  "isInPlace": true,
  "isMainFrame": true,
  "frameProcessId": 4,
  "frameRoutingId": 1
}
[2026-06-22T11:28:05.208Z] [INFO] Renderer navigated in-page
{
  "url": "http://localhost:5173/?backend_port=8000#/dashboard",
  "isMainFrame": true,
  "frameProcessId": 4,
  "frameRoutingId": 1
}
[2026-06-22T11:28:05.209Z] [INFO] Renderer stopped loading
{
  "url": "http://localhost:5173/?backend_port=8000#/dashboard"
}
[2026-06-22T11:28:05.213Z] [INFO] Renderer started loading
{
  "url": "http://localhost:5173/?backend_port=8000#/dashboard"
}
[2026-06-22T11:28:05.213Z] [INFO] Renderer started navigation
{
  "url": "http://localhost:5173/?backend_port=8000#/dashboard",
  "isInPlace": true,
  "isMainFrame": true,
  "frameProcessId": 4,
  "frameRoutingId": 1
}
[2026-06-22T11:28:05.214Z] [INFO] Renderer navigated in-page
{
  "url": "http://localhost:5173/?backend_port=8000#/dashboard",
  "isMainFrame": true,
  "frameProcessId": 4,
  "frameRoutingId": 1
}
[2026-06-22T11:28:05.215Z] [INFO] Renderer stopped loading
{
  "url": "http://localhost:5173/?backend_port=8000#/dashboard"
}
[2026-06-22T11:28:08.800Z] [INFO] Renderer started loading
{
  "url": "http://localhost:5173/?backend_port=8000#/dashboard"
}
[2026-06-22T11:28:08.801Z] [INFO] Renderer started navigation
{
  "url": "http://localhost:5173/?backend_port=8000#/library",
  "isInPlace": true,
  "isMainFrame": true,
  "frameProcessId": 4,
  "frameRoutingId": 1
}
[2026-06-22T11:28:08.802Z] [INFO] Renderer navigated in-page
{
  "url": "http://localhost:5173/?backend_port=8000#/library",
  "isMainFrame": true,
  "frameProcessId": 4,
  "frameRoutingId": 1
}
[2026-06-22T11:28:08.803Z] [INFO] Renderer stopped loading
{
  "url": "http://localhost:5173/?backend_port=8000#/library"
}
[2026-06-22T11:28:10.303Z] [INFO] Renderer started loading
{
  "url": "http://localhost:5173/?backend_port=8000#/library"
}
[2026-06-22T11:28:10.304Z] [INFO] Renderer started navigation
{
  "url": "http://localhost:5173/?backend_port=8000#/settings",
  "isInPlace": true,
  "isMainFrame": true,
  "frameProcessId": 4,
  "frameRoutingId": 1
}
[2026-06-22T11:28:10.306Z] [INFO] Renderer navigated in-page
{
  "url": "http://localhost:5173/?backend_port=8000#/settings",
  "isMainFrame": true,
  "frameProcessId": 4,
  "frameRoutingId": 1
}
[2026-06-22T11:28:10.307Z] [INFO] Renderer stopped loading
{
  "url": "http://localhost:5173/?backend_port=8000#/settings"
}
[2026-06-22T11:28:15.711Z] [INFO] Renderer started loading
{
  "url": "http://localhost:5173/?backend_port=8000#/settings"
}
[2026-06-22T11:28:15.711Z] [INFO] Renderer started navigation
{
  "url": "http://localhost:5173/?backend_port=8000#/library",
  "isInPlace": true,
  "isMainFrame": true,
  "frameProcessId": 4,
  "frameRoutingId": 1
}
[2026-06-22T11:28:15.713Z] [INFO] Renderer navigated in-page
{
  "url": "http://localhost:5173/?backend_port=8000#/library",
  "isMainFrame": true,
  "frameProcessId": 4,
  "frameRoutingId": 1
}
[2026-06-22T11:28:15.714Z] [INFO] Renderer stopped loading
{
  "url": "http://localhost:5173/?backend_port=8000#/library"
}
[2026-06-22T11:28:23.647Z] [INFO] Renderer started loading
{
  "url": "http://localhost:5173/?backend_port=8000#/library"
}
[2026-06-22T11:28:23.648Z] [INFO] Renderer started navigation
{
  "url": "http://localhost:5173/?backend_port=8000#/organizer",
  "isInPlace": true,
  "isMainFrame": true,
  "frameProcessId": 4,
  "frameRoutingId": 1
}
[2026-06-22T11:28:23.649Z] [INFO] Renderer navigated in-page
{
  "url": "http://localhost:5173/?backend_port=8000#/organizer",
  "isMainFrame": true,
  "frameProcessId": 4,
  "frameRoutingId": 1
}
[2026-06-22T11:28:23.649Z] [INFO] Renderer stopped loading
{
  "url": "http://localhost:5173/?backend_port=8000#/organizer"
}
[2026-06-22T11:28:24.503Z] [INFO] Renderer started loading
{
  "url": "http://localhost:5173/?backend_port=8000#/organizer"
}
[2026-06-22T11:28:24.504Z] [INFO] Renderer started navigation
{
  "url": "http://localhost:5173/?backend_port=8000#/dashboard",
  "isInPlace": true,
  "isMainFrame": true,
  "frameProcessId": 4,
  "frameRoutingId": 1
}
[2026-06-22T11:28:24.506Z] [INFO] Renderer navigated in-page
{
  "url": "http://localhost:5173/?backend_port=8000#/dashboard",
  "isMainFrame": true,
  "frameProcessId": 4,
  "frameRoutingId": 1
}
[2026-06-22T11:28:24.507Z] [INFO] Renderer stopped loading
{
  "url": "http://localhost:5173/?backend_port=8000#/dashboard"
}
[2026-06-22T11:28:24.992Z] [INFO] Renderer started loading
{
  "url": "http://localhost:5173/?backend_port=8000#/dashboard"
}
[2026-06-22T11:28:24.993Z] [INFO] Renderer started navigation
{
  "url": "http://localhost:5173/?backend_port=8000#/organizer",
  "isInPlace": true,
  "isMainFrame": true,
  "frameProcessId": 4,
  "frameRoutingId": 1
}
[2026-06-22T11:28:24.993Z] [INFO] Renderer navigated in-page
{
  "url": "http://localhost:5173/?backend_port=8000#/organizer",
  "isMainFrame": true,
  "frameProcessId": 4,
  "frameRoutingId": 1
}
[2026-06-22T11:28:24.994Z] [INFO] Renderer stopped loading
{
  "url": "http://localhost:5173/?backend_port=8000#/organizer"
}
[2026-06-22T11:39:18.882Z] [INFO] Electron app ready
[2026-06-22T11:39:18.884Z] [INFO] Dev mode: backend should be started externally.
[2026-06-22T11:39:24.217Z] [ERROR] Timed out waiting for backend port.txt, starting window anyway
[2026-06-22T11:39:24.299Z] [INFO] browser-window-created
{
  "id": 1
}
[2026-06-22T11:39:24.392Z] [INFO] System tray initialized
{
  "trayIconPath": "E:\\projects\\python\\Swaya\\frontend\\public\\favicon\\96x96.png"
}
[2026-06-22T11:39:24.393Z] [INFO] BrowserWindow created
{
  "isDev": true,
  "iconPath": "E:\\projects\\python\\Swaya\\frontend\\public\\favicon\\96x96.png",
  "webPreferences": {
    "nodeIntegration": true,
    "contextIsolation": false,
    "backgroundThrottling": false
  }
}
[2026-06-22T11:39:24.393Z] [INFO] Loading renderer URL
{
  "targetUrl": "http://localhost:5173?backend_port=8000"
}
[2026-06-22T11:39:24.530Z] [INFO] Renderer navigated
{
  "url": "http://localhost:5173/?backend_port=8000",
  "httpResponseCode": 200,
  "httpStatusText": "OK"
}
[2026-06-22T11:39:24.716Z] [INFO] Renderer started navigation
{
  "url": "http://localhost:5173/?backend_port=8000",
  "isInPlace": true,
  "isMainFrame": true,
  "frameProcessId": 4,
  "frameRoutingId": 1
}
[2026-06-22T11:39:24.716Z] [INFO] Renderer navigated in-page
{
  "url": "http://localhost:5173/?backend_port=8000",
  "isMainFrame": true,
  "frameProcessId": 4,
  "frameRoutingId": 1
}
[2026-06-22T11:39:24.724Z] [INFO] Renderer DOM ready
{
  "url": "http://localhost:5173/?backend_port=8000"
}
[2026-06-22T11:39:24.776Z] [INFO] Renderer finished load
{
  "url": "http://localhost:5173/?backend_port=8000"
}
[2026-06-22T11:39:24.779Z] [INFO] Renderer stopped loading
{
  "url": "http://localhost:5173/?backend_port=8000"
}
[2026-06-22T11:39:24.842Z] [INFO] Renderer started loading
{
  "url": "http://localhost:5173/?backend_port=8000"
}
[2026-06-22T11:39:24.843Z] [INFO] Renderer started navigation
{
  "url": "http://localhost:5173/?backend_port=8000#/dashboard",
  "isInPlace": true,
  "isMainFrame": true,
  "frameProcessId": 4,
  "frameRoutingId": 1
}
[2026-06-22T11:39:24.844Z] [INFO] Renderer navigated in-page
{
  "url": "http://localhost:5173/?backend_port=8000#/dashboard",
  "isMainFrame": true,
  "frameProcessId": 4,
  "frameRoutingId": 1
}
[2026-06-22T11:39:24.844Z] [INFO] Renderer stopped loading
{
  "url": "http://localhost:5173/?backend_port=8000#/dashboard"
}
[2026-06-22T11:39:24.847Z] [INFO] Renderer started loading
{
  "url": "http://localhost:5173/?backend_port=8000#/dashboard"
}
[2026-06-22T11:39:24.847Z] [INFO] Renderer started navigation
{
  "url": "http://localhost:5173/?backend_port=8000#/dashboard",
  "isInPlace": true,
  "isMainFrame": true,
  "frameProcessId": 4,
  "frameRoutingId": 1
}
[2026-06-22T11:39:24.847Z] [INFO] Renderer navigated in-page
{
  "url": "http://localhost:5173/?backend_port=8000#/dashboard",
  "isMainFrame": true,
  "frameProcessId": 4,
  "frameRoutingId": 1
}
[2026-06-22T11:39:24.848Z] [INFO] Renderer stopped loading
{
  "url": "http://localhost:5173/?backend_port=8000#/dashboard"
}
[2026-06-22T11:39:27.055Z] [INFO] Renderer started loading
{
  "url": "http://localhost:5173/?backend_port=8000#/dashboard"
}
[2026-06-22T11:39:27.055Z] [INFO] Renderer started navigation
{
  "url": "http://localhost:5173/?backend_port=8000#/settings",
  "isInPlace": true,
  "isMainFrame": true,
  "frameProcessId": 4,
  "frameRoutingId": 1
}
[2026-06-22T11:39:27.056Z] [INFO] Renderer navigated in-page
{
  "url": "http://localhost:5173/?backend_port=8000#/settings",
  "isMainFrame": true,
  "frameProcessId": 4,
  "frameRoutingId": 1
}
[2026-06-22T11:39:27.057Z] [INFO] Renderer stopped loading
{
  "url": "http://localhost:5173/?backend_port=8000#/settings"
}
[2026-06-22T11:39:33.806Z] [INFO] Renderer started loading
{
  "url": "http://localhost:5173/?backend_port=8000#/settings"
}
[2026-06-22T11:39:33.806Z] [INFO] Renderer started navigation
{
  "url": "http://localhost:5173/?backend_port=8000#/dashboard",
  "isInPlace": true,
  "isMainFrame": true,
  "frameProcessId": 4,
  "frameRoutingId": 1
}
[2026-06-22T11:39:33.807Z] [INFO] Renderer navigated in-page
{
  "url": "http://localhost:5173/?backend_port=8000#/dashboard",
  "isMainFrame": true,
  "frameProcessId": 4,
  "frameRoutingId": 1
}
[2026-06-22T11:39:33.808Z] [INFO] Renderer stopped loading
{
  "url": "http://localhost:5173/?backend_port=8000#/dashboard"
}
[2026-06-22T11:39:34.694Z] [INFO] Renderer started loading
{
  "url": "http://localhost:5173/?backend_port=8000#/dashboard"
}
[2026-06-22T11:39:34.694Z] [INFO] Renderer started navigation
{
  "url": "http://localhost:5173/?backend_port=8000#/organizer",
  "isInPlace": true,
  "isMainFrame": true,
  "frameProcessId": 4,
  "frameRoutingId": 1
}
[2026-06-22T11:39:34.695Z] [INFO] Renderer navigated in-page
{
  "url": "http://localhost:5173/?backend_port=8000#/organizer",
  "isMainFrame": true,
  "frameProcessId": 4,
  "frameRoutingId": 1
}
[2026-06-22T11:39:34.695Z] [INFO] Renderer stopped loading
{
  "url": "http://localhost:5173/?backend_port=8000#/organizer"
}
[2026-06-22T11:45:38.867Z] [INFO] Electron app ready
[2026-06-22T11:45:38.869Z] [INFO] Dev mode: backend should be started externally.
[2026-06-22T11:45:44.186Z] [ERROR] Timed out waiting for backend port.txt, starting window anyway
[2026-06-22T11:45:44.215Z] [INFO] browser-window-created
{
  "id": 1
}
[2026-06-22T11:45:44.328Z] [INFO] System tray initialized
{
  "trayIconPath": "E:\\projects\\python\\Swaya\\frontend\\public\\favicon\\96x96.png"
}
[2026-06-22T11:45:44.329Z] [INFO] BrowserWindow created
{
  "isDev": true,
  "iconPath": "E:\\projects\\python\\Swaya\\frontend\\public\\favicon\\96x96.png",
  "webPreferences": {
    "nodeIntegration": true,
    "contextIsolation": false,
    "backgroundThrottling": false
  }
}
[2026-06-22T11:45:44.329Z] [INFO] Loading renderer URL
{
  "targetUrl": "http://localhost:5173?backend_port=8000"
}
[2026-06-22T11:45:44.426Z] [INFO] Renderer navigated
{
  "url": "http://localhost:5173/?backend_port=8000",
  "httpResponseCode": 200,
  "httpStatusText": "OK"
}
[2026-06-22T11:45:44.711Z] [INFO] Renderer started navigation
{
  "url": "http://localhost:5173/?backend_port=8000",
  "isInPlace": true,
  "isMainFrame": true,
  "frameProcessId": 4,
  "frameRoutingId": 1
}
[2026-06-22T11:45:44.712Z] [INFO] Renderer navigated in-page
{
  "url": "http://localhost:5173/?backend_port=8000",
  "isMainFrame": true,
  "frameProcessId": 4,
  "frameRoutingId": 1
}
[2026-06-22T11:45:44.720Z] [INFO] Renderer DOM ready
{
  "url": "http://localhost:5173/?backend_port=8000"
}
[2026-06-22T11:45:44.723Z] [INFO] Renderer finished load
{
  "url": "http://localhost:5173/?backend_port=8000"
}
[2026-06-22T11:45:44.724Z] [INFO] Renderer stopped loading
{
  "url": "http://localhost:5173/?backend_port=8000"
}
[2026-06-22T11:45:44.790Z] [INFO] Renderer started loading
{
  "url": "http://localhost:5173/?backend_port=8000"
}
[2026-06-22T11:45:44.793Z] [INFO] Renderer started navigation
{
  "url": "http://localhost:5173/?backend_port=8000#/dashboard",
  "isInPlace": true,
  "isMainFrame": true,
  "frameProcessId": 4,
  "frameRoutingId": 1
}
[2026-06-22T11:45:44.793Z] [INFO] Renderer navigated in-page
{
  "url": "http://localhost:5173/?backend_port=8000#/dashboard",
  "isMainFrame": true,
  "frameProcessId": 4,
  "frameRoutingId": 1
}
[2026-06-22T11:45:44.794Z] [INFO] Renderer stopped loading
{
  "url": "http://localhost:5173/?backend_port=8000#/dashboard"
}
[2026-06-22T11:45:44.797Z] [INFO] Renderer started loading
{
  "url": "http://localhost:5173/?backend_port=8000#/dashboard"
}
[2026-06-22T11:45:44.801Z] [INFO] Renderer started navigation
{
  "url": "http://localhost:5173/?backend_port=8000#/dashboard",
  "isInPlace": true,
  "isMainFrame": true,
  "frameProcessId": 4,
  "frameRoutingId": 1
}
[2026-06-22T11:45:44.801Z] [INFO] Renderer navigated in-page
{
  "url": "http://localhost:5173/?backend_port=8000#/dashboard",
  "isMainFrame": true,
  "frameProcessId": 4,
  "frameRoutingId": 1
}
[2026-06-22T11:45:44.802Z] [INFO] Renderer stopped loading
{
  "url": "http://localhost:5173/?backend_port=8000#/dashboard"
}
[2026-06-22T11:45:47.839Z] [INFO] Renderer started loading
{
  "url": "http://localhost:5173/?backend_port=8000#/dashboard"
}
[2026-06-22T11:45:47.840Z] [INFO] Renderer started navigation
{
  "url": "http://localhost:5173/?backend_port=8000#/organizer",
  "isInPlace": true,
  "isMainFrame": true,
  "frameProcessId": 4,
  "frameRoutingId": 1
}
[2026-06-22T11:45:47.841Z] [INFO] Renderer navigated in-page
{
  "url": "http://localhost:5173/?backend_port=8000#/organizer",
  "isMainFrame": true,
  "frameProcessId": 4,
  "frameRoutingId": 1
}
[2026-06-22T11:45:47.842Z] [INFO] Renderer stopped loading
{
  "url": "http://localhost:5173/?backend_port=8000#/organizer"
}
[2026-06-22T11:45:59.205Z] [INFO] Renderer started loading
{
  "url": "http://localhost:5173/?backend_port=8000#/organizer"
}
[2026-06-22T11:45:59.205Z] [INFO] Renderer started navigation
{
  "url": "http://localhost:5173/?backend_port=8000#/settings",
  "isInPlace": true,
  "isMainFrame": true,
  "frameProcessId": 4,
  "frameRoutingId": 1
}
[2026-06-22T11:45:59.207Z] [INFO] Renderer navigated in-page
{
  "url": "http://localhost:5173/?backend_port=8000#/settings",
  "isMainFrame": true,
  "frameProcessId": 4,
  "frameRoutingId": 1
}
[2026-06-22T11:45:59.207Z] [INFO] Renderer stopped loading
{
  "url": "http://localhost:5173/?backend_port=8000#/settings"
}
[2026-06-22T11:46:02.541Z] [INFO] Renderer started loading
{
  "url": "http://localhost:5173/?backend_port=8000#/settings"
}
[2026-06-22T11:46:02.541Z] [INFO] Renderer started navigation
{
  "url": "http://localhost:5173/?backend_port=8000#/organizer",
  "isInPlace": true,
  "isMainFrame": true,
  "frameProcessId": 4,
  "frameRoutingId": 1
}
[2026-06-22T11:46:02.543Z] [INFO] Renderer navigated in-page
{
  "url": "http://localhost:5173/?backend_port=8000#/organizer",
  "isMainFrame": true,
  "frameProcessId": 4,
  "frameRoutingId": 1
}
[2026-06-22T11:46:02.544Z] [INFO] Renderer stopped loading
{
  "url": "http://localhost:5173/?backend_port=8000#/organizer"
}
[2026-06-22T11:46:05.292Z] [WARN] Renderer requested app quit flow
[2026-06-22T11:46:05.292Z] [INFO] Requesting renderer close decision
{
  "source": "quit-button"
}
[2026-06-22T11:46:06.669Z] [INFO] Renderer responded to close prompt
{
  "action": "quit",
  "rememberChoice": false
}
[2026-06-22T11:46:35.860Z] [INFO] Electron app ready
[2026-06-22T11:46:35.862Z] [INFO] Dev mode: backend should be started externally.
[2026-06-22T11:46:41.199Z] [ERROR] Timed out waiting for backend port.txt, starting window anyway
[2026-06-22T11:46:41.250Z] [INFO] browser-window-created
{
  "id": 1
}
[2026-06-22T11:46:41.359Z] [INFO] System tray initialized
{
  "trayIconPath": "E:\\projects\\python\\Swaya\\frontend\\public\\favicon\\96x96.png"
}
[2026-06-22T11:46:41.360Z] [INFO] BrowserWindow created
{
  "isDev": true,
  "iconPath": "E:\\projects\\python\\Swaya\\frontend\\public\\favicon\\96x96.png",
  "webPreferences": {
    "nodeIntegration": true,
    "contextIsolation": false,
    "backgroundThrottling": false
  }
}
[2026-06-22T11:46:41.360Z] [INFO] Loading renderer URL
{
  "targetUrl": "http://localhost:5173?backend_port=8000"
}
[2026-06-22T11:46:41.458Z] [INFO] Renderer navigated
{
  "url": "http://localhost:5173/?backend_port=8000",
  "httpResponseCode": 200,
  "httpStatusText": "OK"
}
[2026-06-22T11:46:41.741Z] [INFO] Renderer started navigation
{
  "url": "http://localhost:5173/?backend_port=8000",
  "isInPlace": true,
  "isMainFrame": true,
  "frameProcessId": 4,
  "frameRoutingId": 1
}
[2026-06-22T11:46:41.742Z] [INFO] Renderer navigated in-page
{
  "url": "http://localhost:5173/?backend_port=8000",
  "isMainFrame": true,
  "frameProcessId": 4,
  "frameRoutingId": 1
}
[2026-06-22T11:46:41.748Z] [INFO] Renderer DOM ready
{
  "url": "http://localhost:5173/?backend_port=8000"
}
[2026-06-22T11:46:41.752Z] [INFO] Renderer finished load
{
  "url": "http://localhost:5173/?backend_port=8000"
}
[2026-06-22T11:46:41.753Z] [INFO] Renderer stopped loading
{
  "url": "http://localhost:5173/?backend_port=8000"
}
[2026-06-22T11:46:41.809Z] [INFO] Renderer started loading
{
  "url": "http://localhost:5173/?backend_port=8000"
}
[2026-06-22T11:46:41.810Z] [INFO] Renderer started navigation
{
  "url": "http://localhost:5173/?backend_port=8000#/dashboard",
  "isInPlace": true,
  "isMainFrame": true,
  "frameProcessId": 4,
  "frameRoutingId": 1
}
[2026-06-22T11:46:41.811Z] [INFO] Renderer navigated in-page
{
  "url": "http://localhost:5173/?backend_port=8000#/dashboard",
  "isMainFrame": true,
  "frameProcessId": 4,
  "frameRoutingId": 1
}
[2026-06-22T11:46:41.811Z] [INFO] Renderer stopped loading
{
  "url": "http://localhost:5173/?backend_port=8000#/dashboard"
}
[2026-06-22T11:46:41.815Z] [INFO] Renderer started loading
{
  "url": "http://localhost:5173/?backend_port=8000#/dashboard"
}
[2026-06-22T11:46:41.819Z] [INFO] Renderer started navigation
{
  "url": "http://localhost:5173/?backend_port=8000#/dashboard",
  "isInPlace": true,
  "isMainFrame": true,
  "frameProcessId": 4,
  "frameRoutingId": 1
}
[2026-06-22T11:46:41.819Z] [INFO] Renderer navigated in-page
{
  "url": "http://localhost:5173/?backend_port=8000#/dashboard",
  "isMainFrame": true,
  "frameProcessId": 4,
  "frameRoutingId": 1
}
[2026-06-22T11:46:41.820Z] [INFO] Renderer stopped loading
{
  "url": "http://localhost:5173/?backend_port=8000#/dashboard"
}
[2026-06-22T11:46:48.053Z] [INFO] Renderer started loading
{
  "url": "http://localhost:5173/?backend_port=8000#/dashboard"
}
[2026-06-22T11:46:48.054Z] [INFO] Renderer started navigation
{
  "url": "http://localhost:5173/?backend_port=8000#/organizer",
  "isInPlace": true,
  "isMainFrame": true,
  "frameProcessId": 4,
  "frameRoutingId": 1
}
[2026-06-22T11:46:48.056Z] [INFO] Renderer navigated in-page
{
  "url": "http://localhost:5173/?backend_port=8000#/organizer",
  "isMainFrame": true,
  "frameProcessId": 4,
  "frameRoutingId": 1
}
[2026-06-22T11:46:48.056Z] [INFO] Renderer stopped loading
{
  "url": "http://localhost:5173/?backend_port=8000#/organizer"
}
[2026-06-22T11:59:53.381Z] [INFO] Electron app ready
[2026-06-22T11:59:53.394Z] [INFO] Dev mode: backend should be started externally.
[2026-06-22T11:59:58.718Z] [ERROR] Timed out waiting for backend port.txt, starting window anyway
[2026-06-22T11:59:58.751Z] [INFO] browser-window-created
{
  "id": 1
}
[2026-06-22T11:59:58.871Z] [INFO] System tray initialized
{
  "trayIconPath": "E:\\projects\\python\\Swaya\\frontend\\public\\favicon\\96x96.png"
}
[2026-06-22T11:59:58.871Z] [INFO] BrowserWindow created
{
  "isDev": true,
  "iconPath": "E:\\projects\\python\\Swaya\\frontend\\public\\favicon\\96x96.png",
  "webPreferences": {
    "nodeIntegration": true,
    "contextIsolation": false,
    "backgroundThrottling": false
  }
}
[2026-06-22T11:59:58.871Z] [INFO] Loading renderer URL
{
  "targetUrl": "http://localhost:5173?backend_port=8000"
}
[2026-06-22T11:59:58.993Z] [INFO] Renderer navigated
{
  "url": "http://localhost:5173/?backend_port=8000",
  "httpResponseCode": 200,
  "httpStatusText": "OK"
}
[2026-06-22T11:59:59.320Z] [INFO] Renderer started navigation
{
  "url": "http://localhost:5173/?backend_port=8000",
  "isInPlace": true,
  "isMainFrame": true,
  "frameProcessId": 4,
  "frameRoutingId": 1
}
[2026-06-22T11:59:59.321Z] [INFO] Renderer navigated in-page
{
  "url": "http://localhost:5173/?backend_port=8000",
  "isMainFrame": true,
  "frameProcessId": 4,
  "frameRoutingId": 1
}
[2026-06-22T11:59:59.331Z] [INFO] Renderer DOM ready
{
  "url": "http://localhost:5173/?backend_port=8000"
}
[2026-06-22T11:59:59.337Z] [INFO] Renderer finished load
{
  "url": "http://localhost:5173/?backend_port=8000"
}
[2026-06-22T11:59:59.338Z] [INFO] Renderer stopped loading
{
  "url": "http://localhost:5173/?backend_port=8000"
}
[2026-06-22T11:59:59.416Z] [INFO] Renderer started loading
{
  "url": "http://localhost:5173/?backend_port=8000"
}
[2026-06-22T11:59:59.417Z] [INFO] Renderer started navigation
{
  "url": "http://localhost:5173/?backend_port=8000#/dashboard",
  "isInPlace": true,
  "isMainFrame": true,
  "frameProcessId": 4,
  "frameRoutingId": 1
}
[2026-06-22T11:59:59.417Z] [INFO] Renderer navigated in-page
{
  "url": "http://localhost:5173/?backend_port=8000#/dashboard",
  "isMainFrame": true,
  "frameProcessId": 4,
  "frameRoutingId": 1
}
[2026-06-22T11:59:59.418Z] [INFO] Renderer stopped loading
{
  "url": "http://localhost:5173/?backend_port=8000#/dashboard"
}
[2026-06-22T11:59:59.425Z] [INFO] Renderer started loading
{
  "url": "http://localhost:5173/?backend_port=8000#/dashboard"
}
[2026-06-22T11:59:59.426Z] [INFO] Renderer started navigation
{
  "url": "http://localhost:5173/?backend_port=8000#/dashboard",
  "isInPlace": true,
  "isMainFrame": true,
  "frameProcessId": 4,
  "frameRoutingId": 1
}
[2026-06-22T11:59:59.427Z] [INFO] Renderer navigated in-page
{
  "url": "http://localhost:5173/?backend_port=8000#/dashboard",
  "isMainFrame": true,
  "frameProcessId": 4,
  "frameRoutingId": 1
}
[2026-06-22T11:59:59.427Z] [INFO] Renderer stopped loading
{
  "url": "http://localhost:5173/?backend_port=8000#/dashboard"
}
[2026-06-22T12:00:02.535Z] [INFO] Renderer started loading
{
  "url": "http://localhost:5173/?backend_port=8000#/dashboard"
}
[2026-06-22T12:00:02.535Z] [INFO] Renderer started navigation
{
  "url": "http://localhost:5173/?backend_port=8000#/settings",
  "isInPlace": true,
  "isMainFrame": true,
  "frameProcessId": 4,
  "frameRoutingId": 1
}
[2026-06-22T12:00:02.537Z] [INFO] Renderer navigated in-page
{
  "url": "http://localhost:5173/?backend_port=8000#/settings",
  "isMainFrame": true,
  "frameProcessId": 4,
  "frameRoutingId": 1
}
[2026-06-22T12:00:02.538Z] [INFO] Renderer stopped loading
{
  "url": "http://localhost:5173/?backend_port=8000#/settings"
}
[2026-06-22T12:00:05.916Z] [INFO] Renderer started loading
{
  "url": "http://localhost:5173/?backend_port=8000#/settings"
}
[2026-06-22T12:00:05.916Z] [INFO] Renderer started navigation
{
  "url": "http://localhost:5173/?backend_port=8000#/dashboard",
  "isInPlace": true,
  "isMainFrame": true,
  "frameProcessId": 4,
  "frameRoutingId": 1
}
[2026-06-22T12:00:05.919Z] [INFO] Renderer navigated in-page
{
  "url": "http://localhost:5173/?backend_port=8000#/dashboard",
  "isMainFrame": true,
  "frameProcessId": 4,
  "frameRoutingId": 1
}
[2026-06-22T12:00:05.920Z] [INFO] Renderer stopped loading
{
  "url": "http://localhost:5173/?backend_port=8000#/dashboard"
}
[2026-06-22T12:00:06.757Z] [INFO] Renderer started loading
{
  "url": "http://localhost:5173/?backend_port=8000#/dashboard"
}
[2026-06-22T12:00:06.758Z] [INFO] Renderer started navigation
{
  "url": "http://localhost:5173/?backend_port=8000#/library",
  "isInPlace": true,
  "isMainFrame": true,
  "frameProcessId": 4,
  "frameRoutingId": 1
}
[2026-06-22T12:00:06.760Z] [INFO] Renderer navigated in-page
{
  "url": "http://localhost:5173/?backend_port=8000#/library",
  "isMainFrame": true,
  "frameProcessId": 4,
  "frameRoutingId": 1
}
[2026-06-22T12:00:06.760Z] [INFO] Renderer stopped loading
{
  "url": "http://localhost:5173/?backend_port=8000#/library"
}
[2026-06-22T12:00:09.500Z] [INFO] Renderer started loading
{
  "url": "http://localhost:5173/?backend_port=8000#/library"
}
[2026-06-22T12:00:09.500Z] [INFO] Renderer started navigation
{
  "url": "http://localhost:5173/?backend_port=8000#/lists",
  "isInPlace": true,
  "isMainFrame": true,
  "frameProcessId": 4,
  "frameRoutingId": 1
}
[2026-06-22T12:00:09.502Z] [INFO] Renderer navigated in-page
{
  "url": "http://localhost:5173/?backend_port=8000#/lists",
  "isMainFrame": true,
  "frameProcessId": 4,
  "frameRoutingId": 1
}
[2026-06-22T12:00:09.503Z] [INFO] Renderer stopped loading
{
  "url": "http://localhost:5173/?backend_port=8000#/lists"
}
[2026-06-22T12:00:09.924Z] [INFO] Renderer started loading
{
  "url": "http://localhost:5173/?backend_port=8000#/lists"
}
[2026-06-22T12:00:09.924Z] [INFO] Renderer started navigation
{
  "url": "http://localhost:5173/?backend_port=8000#/library",
  "isInPlace": true,
  "isMainFrame": true,
  "frameProcessId": 4,
  "frameRoutingId": 1
}
[2026-06-22T12:00:09.924Z] [INFO] Renderer navigated in-page
{
  "url": "http://localhost:5173/?backend_port=8000#/library",
  "isMainFrame": true,
  "frameProcessId": 4,
  "frameRoutingId": 1
}
[2026-06-22T12:00:09.925Z] [INFO] Renderer stopped loading
{
  "url": "http://localhost:5173/?backend_port=8000#/library"
}
[2026-06-22T12:00:22.133Z] [INFO] Renderer started loading
{
  "url": "http://localhost:5173/?backend_port=8000#/library"
}
[2026-06-22T12:00:22.133Z] [INFO] Renderer started navigation
{
  "url": "http://localhost:5173/?backend_port=8000#/organizer",
  "isInPlace": true,
  "isMainFrame": true,
  "frameProcessId": 4,
  "frameRoutingId": 1
}
[2026-06-22T12:00:22.135Z] [INFO] Renderer navigated in-page
{
  "url": "http://localhost:5173/?backend_port=8000#/organizer",
  "isMainFrame": true,
  "frameProcessId": 4,
  "frameRoutingId": 1
}
[2026-06-22T12:00:22.135Z] [INFO] Renderer stopped loading
{
  "url": "http://localhost:5173/?backend_port=8000#/organizer"
}
